<?xml version="1.0" encoding="UTF-8"?>
<testsuite xmlns:xsi="http://www.w3.org/2001/XMLSchema-instance" xsi:noNamespaceSchemaLocation="https://maven.apache.org/surefire/maven-surefire-plugin/xsd/surefire-test-report-3.0.xsd" version="3.0" name="com.fredygraces.giftbond.permissions.PermissionManagerTest" time="1.16" tests="7" errors="0" skipped="0" failures="0">
  <properties>
[...]
</properties>
  <testcase name="testNormalPlayerPermissions" classname="com.fredygraces.giftbond.permissions.PermissionManagerTest" time="1.111">
    <system-err><![CDATA[WARNING: A Java agent has been loaded dynamically (C:\Users\fredy\.m2\repository\net\bytebuddy\byte-buddy-agent\1.12.22\byte-buddy-agent-1.12.22.jar)
WARNING: If a serviceability tool is in use, please run with -XX:+EnableDynamicAgentLoading to hide this warning
WARNING: If a serviceability tool is not in use, please run with -Djdk.instrument.traceUsage for more information
WARNING: Dynamic loading of agents will be disallowed by default in a future release
]]></system-err>
  </testcase>
  <testcase name="testBasePermissions" classname="com.fredygraces.giftbond.permissions.PermissionManagerTest" time="0.003"/>
  <testcase name="testConsoleHasAllPermissions" classname="com.fredygraces.giftbond.permissions.PermissionManagerTest" time="0.014"/>
  <testcase name="testAdminPermissions" classname="com.fredygraces.giftbond.permissions.PermissionManagerTest" time="0.002"/>
  <testcase name="testSpecificPermissions" classname="com.fredygraces.giftbond.permissions.PermissionManagerTest" time="0.002"/>
  <testcase name="testPlayerWithBasicPermissions" classname="com.fredygraces.giftbond.permissions.PermissionManagerTest" time="0.003"/>
  <testcase name="testPermissionDeniedMessage" classname="com.fredygraces.giftbond.permissions.PermissionManagerTest" time="0.001"/>
</testsuite>