<?xml version="1.0" encoding="UTF-8" ?>
<testsuite tests="7" failures="0" name="com.fredygraces.giftbond.permissions.PermissionManagerTest" time="1.352" errors="0" skipped="0">
  <properties>
[...]
</properties>
  <testcase classname="com.fredygraces.giftbond.permissions.PermissionManagerTest" name="com.fredygraces.giftbond.permissions.PermissionManagerTest.testConsoleHasAllPermissions" time="0.998"/>
  <testcase classname="com.fredygraces.giftbond.permissions.PermissionManagerTest" name="com.fredygraces.giftbond.permissions.PermissionManagerTest.testPlayerWithBasicPermissions" time="0.349"/>
  <testcase classname="com.fredygraces.giftbond.permissions.PermissionManagerTest" name="com.fredygraces.giftbond.permissions.PermissionManagerTest.testPermissionDeniedMessage" time="0.002"/>
  <testcase classname="com.fredygraces.giftbond.permissions.PermissionManagerTest" name="com.fredygraces.giftbond.permissions.PermissionManagerTest.testNormalPlayerPermissions" time="0.002"/>
  <testcase classname="com.fredygraces.giftbond.permissions.PermissionManagerTest" name="com.fredygraces.giftbond.permissions.PermissionManagerTest.testAdminPermissions" time="0.001"/>
  <testcase classname="com.fredygraces.giftbond.permissions.PermissionManagerTest" name="com.fredygraces.giftbond.permissions.PermissionManagerTest.testSpecificPermissions" time="0"/>
  <testcase classname="com.fredygraces.giftbond.permissions.PermissionManagerTest" name="com.fredygraces.giftbond.permissions.PermissionManagerTest.testBasePermissions" time="0"/>
</testsuite>